Arguments: ['C:\\Users\\admin\\Desktop\\pifull - Copie (2)\\piBack\\scripts\\face_validator_cli.py', 'C:\\Users\\admin\\Desktop\\pifull - Copie (2)\\piBack\\uploads\\1746203620617-t__l__chargement.jpg']
RÈpertoire courant: C:\Users\admin\Desktop\pifull - Copie (2)\piBack
Chemin de l'image: C:\Users\admin\Desktop\pifull - Copie (2)\piBack\uploads\1746203620617-t__l__chargement.jpg
Taille du fichier: 5790 octets
Le fichier est accessible en lecture: True
Envoi de la rÈponse JSON: {"isValid": true, "message": "Image valid\u00e9e avec succ\u00e8s"}
Arguments: ['C:\\Users\\admin\\Desktop\\pifull - Copie (2)\\piBack\\scripts\\face_validator_cli.py', 'C:\\Users\\admin\\Desktop\\pifull - Copie (2)\\piBack\\uploads\\1746203632900-Capture_d___cran_2025_04_03_132215.png']
RÈpertoire courant: C:\Users\admin\Desktop\pifull - Copie (2)\piBack
Chemin de l'image: C:\Users\admin\Desktop\pifull - Copie (2)\piBack\uploads\1746203632900-Capture_d___cran_2025_04_03_132215.png
Taille du fichier: 190798 octets
Le fichier est accessible en lecture: True
Envoi de la rÈponse JSON: {"isValid": false, "message": "Aucun visage d\u00e9tect\u00e9. Veuillez t\u00e9l\u00e9charger une image contenant clairement votre visage."}
Arguments: ['C:\\Users\\admin\\Desktop\\pifull - Copie (2)\\piBack\\scripts\\face_validator_cli.py', 'C:\\Users\\admin\\Desktop\\pifull - Copie (2)\\piBack\\uploads\\1746203640773-t__l__chargement.jpg']
RÈpertoire courant: C:\Users\admin\Desktop\pifull - Copie (2)\piBack
Chemin de l'image: C:\Users\admin\Desktop\pifull - Copie (2)\piBack\uploads\1746203640773-t__l__chargement.jpg
Taille du fichier: 5790 octets
Le fichier est accessible en lecture: True
Envoi de la rÈponse JSON: {"isValid": true, "message": "Image valid\u00e9e avec succ\u00e8s"}
Arguments: ['C:\\Users\\admin\\Desktop\\pifull - Copie (2)\\piBack\\scripts\\face_validator_cli.py', 'C:\\Users\\admin\\Desktop\\pifull - Copie (2)\\piBack\\uploads\\1746203686346-Capture_d___cran_2025_04_03_132215.png']
RÈpertoire courant: C:\Users\admin\Desktop\pifull - Copie (2)\piBack
Chemin de l'image: C:\Users\admin\Desktop\pifull - Copie (2)\piBack\uploads\1746203686346-Capture_d___cran_2025_04_03_132215.png
Taille du fichier: 190798 octets
Le fichier est accessible en lecture: True
Envoi de la rÈponse JSON: {"isValid": false, "message": "Aucun visage d\u00e9tect\u00e9. Veuillez t\u00e9l\u00e9charger une image contenant clairement votre visage."}
Arguments: ['C:\\Users\\admin\\Desktop\\pifull - Copie (2)\\piBack\\scripts\\face_validator_cli.py', 'C:\\Users\\admin\\Desktop\\pifull - Copie (2)\\piBack\\uploads\\1746203694223-t__l__chargement.jpg']
RÈpertoire courant: C:\Users\admin\Desktop\pifull - Copie (2)\piBack
Chemin de l'image: C:\Users\admin\Desktop\pifull - Copie (2)\piBack\uploads\1746203694223-t__l__chargement.jpg
Taille du fichier: 5790 octets
Le fichier est accessible en lecture: True
Envoi de la rÈponse JSON: {"isValid": true, "message": "Image valid\u00e9e avec succ\u00e8s"}
Arguments: ['C:\\Users\\admin\\Desktop\\pifull - Copie (2)\\piBack\\scripts\\face_validator_cli.py', 'C:\\Users\\admin\\Desktop\\pifull - Copie (2)\\piBack\\uploads\\1746203981782-t__l__chargement.jpg']
RÈpertoire courant: C:\Users\admin\Desktop\pifull - Copie (2)\piBack
Chemin de l'image: C:\Users\admin\Desktop\pifull - Copie (2)\piBack\uploads\1746203981782-t__l__chargement.jpg
Taille du fichier: 5790 octets
Le fichier est accessible en lecture: True
Envoi de la rÈponse JSON: {"isValid": true, "message": "Image valid\u00e9e avec succ\u00e8s"}
Arguments: ['C:\\Users\\admin\\Desktop\\pifull - Copie (2)\\piBack\\scripts\\face_validator_cli.py', 'C:\\Users\\admin\\Desktop\\pifull - Copie (2)\\piBack\\uploads\\1746204177127-t__l__chargement.jpg']
RÈpertoire courant: C:\Users\admin\Desktop\pifull - Copie (2)\piBack
Chemin de l'image: C:\Users\admin\Desktop\pifull - Copie (2)\piBack\uploads\1746204177127-t__l__chargement.jpg
Taille du fichier: 5790 octets
Le fichier est accessible en lecture: True
Tentative de lecture de l'image: C:\Users\admin\Desktop\pifull - Copie (2)\piBack\uploads\1746204177127-t__l__chargement.jpg
Taille du fichier: 5790 octets
Image lue avec PIL: (200, 251)
Dimensions de l'image: (251, 200, 3)
Tentative avec params {'scaleFactor': 1.1, 'minNeighbors': 5, 'minSize': (30, 30)}: 1 visages dÈtectÈs
Envoi de la rÈponse JSON: {"isValid": true, "message": "Image valid\u00e9e avec succ\u00e8s"}
Arguments: ['C:\\Users\\admin\\Desktop\\pifull - Copie (2)\\piBack\\scripts\\face_validator_cli.py', 'C:\\Users\\admin\\Desktop\\pifull - Copie (2)\\piBack\\uploads\\1746204183833-Capture_d___cran_2025_04_03_132215.png']
RÈpertoire courant: C:\Users\admin\Desktop\pifull - Copie (2)\piBack
Chemin de l'image: C:\Users\admin\Desktop\pifull - Copie (2)\piBack\uploads\1746204183833-Capture_d___cran_2025_04_03_132215.png
Taille du fichier: 190798 octets
Le fichier est accessible en lecture: True
Tentative de lecture de l'image: C:\Users\admin\Desktop\pifull - Copie (2)\piBack\uploads\1746204183833-Capture_d___cran_2025_04_03_132215.png
Taille du fichier: 190798 octets
Image lue avec PIL: (1908, 1074)
Dimensions de l'image: (1074, 1908, 3)
Tentative avec params {'scaleFactor': 1.1, 'minNeighbors': 5, 'minSize': (30, 30)}: 0 visages dÈtectÈs
Tentative avec params {'scaleFactor': 1.2, 'minNeighbors': 3, 'minSize': (20, 20)}: 0 visages dÈtectÈs
Tentative avec params {'scaleFactor': 1.3, 'minNeighbors': 2, 'minSize': (10, 10)}: 0 visages dÈtectÈs
Envoi de la rÈponse JSON: {"isValid": false, "message": "Aucun visage d\u00e9tect\u00e9. Veuillez t\u00e9l\u00e9charger une image contenant clairement votre visage."}
Arguments: ['C:\\Users\\admin\\Desktop\\pifull - Copie (2)\\piBack\\scripts\\face_validator_cli.py', 'C:\\Users\\admin\\Desktop\\pifull - Copie (2)\\piBack\\uploads\\1746204196438-Capture_d___cran_2025_05_01_145449.png']
RÈpertoire courant: C:\Users\admin\Desktop\pifull - Copie (2)\piBack
Chemin de l'image: C:\Users\admin\Desktop\pifull - Copie (2)\piBack\uploads\1746204196438-Capture_d___cran_2025_05_01_145449.png
Taille du fichier: 71387 octets
Le fichier est accessible en lecture: True
Tentative de lecture de l'image: C:\Users\admin\Desktop\pifull - Copie (2)\piBack\uploads\1746204196438-Capture_d___cran_2025_05_01_145449.png
Taille du fichier: 71387 octets
Image lue avec PIL: (265, 268)
Dimensions de l'image: (268, 265, 3)
Tentative avec params {'scaleFactor': 1.1, 'minNeighbors': 5, 'minSize': (30, 30)}: 1 visages dÈtectÈs
Envoi de la rÈponse JSON: {"isValid": true, "message": "Image valid\u00e9e avec succ\u00e8s"}
Arguments: ['C:\\Users\\admin\\Desktop\\pifull - Copie (2)\\piBack\\scripts\\face_validator_cli.py', 'C:\\Users\\admin\\Desktop\\pifull - Copie (2)\\piBack\\uploads\\1746204258312-Capture_d___cran_2025_05_01_145449.png']
RÈpertoire courant: C:\Users\admin\Desktop\pifull - Copie (2)\piBack
Chemin de l'image: C:\Users\admin\Desktop\pifull - Copie (2)\piBack\uploads\1746204258312-Capture_d___cran_2025_05_01_145449.png
Taille du fichier: 71387 octets
Le fichier est accessible en lecture: True
Tentative de lecture de l'image: C:\Users\admin\Desktop\pifull - Copie (2)\piBack\uploads\1746204258312-Capture_d___cran_2025_05_01_145449.png
Taille du fichier: 71387 octets
Image lue avec PIL: (265, 268)
Dimensions de l'image: (268, 265, 3)
Tentative avec params {'scaleFactor': 1.1, 'minNeighbors': 5, 'minSize': (30, 30)}: 1 visages dÈtectÈs
Envoi de la rÈponse JSON: {"isValid": true, "message": "Image valid\u00e9e avec succ\u00e8s"}
Arguments: ['C:\\Users\\admin\\Desktop\\pifull - Copie (2)\\piBack\\scripts\\face_validator_cli.py', 'C:\\Users\\admin\\Desktop\\pifull - Copie (2)\\piBack\\uploads\\1746204274458-Capture_d___cran_2025_04_03_161717.png']
RÈpertoire courant: C:\Users\admin\Desktop\pifull - Copie (2)\piBack
Chemin de l'image: C:\Users\admin\Desktop\pifull - Copie (2)\piBack\uploads\1746204274458-Capture_d___cran_2025_04_03_161717.png
Taille du fichier: 317839 octets
Le fichier est accessible en lecture: True
Tentative de lecture de l'image: C:\Users\admin\Desktop\pifull - Copie (2)\piBack\uploads\1746204274458-Capture_d___cran_2025_04_03_161717.png
Taille du fichier: 317839 octets
Image lue avec PIL: (1918, 1079)
Dimensions de l'image: (1079, 1918, 3)
Tentative avec params {'scaleFactor': 1.1, 'minNeighbors': 5, 'minSize': (30, 30)}: 0 visages dÈtectÈs
Tentative avec params {'scaleFactor': 1.2, 'minNeighbors': 3, 'minSize': (20, 20)}: 0 visages dÈtectÈs
Tentative avec params {'scaleFactor': 1.3, 'minNeighbors': 2, 'minSize': (10, 10)}: 0 visages dÈtectÈs
Envoi de la rÈponse JSON: {"isValid": false, "message": "Aucun visage d\u00e9tect\u00e9. Veuillez t\u00e9l\u00e9charger une image contenant clairement votre visage."}
Arguments: ['C:\\Users\\admin\\Desktop\\pifull - Copie (2)\\piBack\\scripts\\face_validator_cli.py', 'C:\\Users\\admin\\Desktop\\pifull - Copie (2)\\piBack\\uploads\\1746204285907-Capture_d___cran_2025_05_01_145637.png']
RÈpertoire courant: C:\Users\admin\Desktop\pifull - Copie (2)\piBack
Chemin de l'image: C:\Users\admin\Desktop\pifull - Copie (2)\piBack\uploads\1746204285907-Capture_d___cran_2025_05_01_145637.png
Taille du fichier: 302433 octets
Le fichier est accessible en lecture: True
Tentative de lecture de l'image: C:\Users\admin\Desktop\pifull - Copie (2)\piBack\uploads\1746204285907-Capture_d___cran_2025_05_01_145637.png
Taille du fichier: 302433 octets
Image lue avec PIL: (399, 520)
Dimensions de l'image: (520, 399, 3)
Tentative avec params {'scaleFactor': 1.1, 'minNeighbors': 5, 'minSize': (30, 30)}: 1 visages dÈtectÈs
Envoi de la rÈponse JSON: {"isValid": true, "message": "Image valid\u00e9e avec succ\u00e8s"}
Arguments: ['C:\\Users\\admin\\Desktop\\pifull - Copie (2)\\piBack\\scripts\\face_validator_cli.py', 'C:\\Users\\admin\\Desktop\\pifull - Copie (2)\\piBack\\uploads\\1746204358287-Capture_d___cran_2025_05_01_145637.png']
RÈpertoire courant: C:\Users\admin\Desktop\pifull - Copie (2)\piBack
Chemin de l'image: C:\Users\admin\Desktop\pifull - Copie (2)\piBack\uploads\1746204358287-Capture_d___cran_2025_05_01_145637.png
Taille du fichier: 302433 octets
Le fichier est accessible en lecture: True
Tentative de lecture de l'image: C:\Users\admin\Desktop\pifull - Copie (2)\piBack\uploads\1746204358287-Capture_d___cran_2025_05_01_145637.png
Taille du fichier: 302433 octets
Image lue avec PIL: (399, 520)
Dimensions de l'image: (520, 399, 3)
Tentative avec params {'scaleFactor': 1.1, 'minNeighbors': 5, 'minSize': (30, 30)}: 1 visages dÈtectÈs
Envoi de la rÈponse JSON: {"isValid": true, "message": "Image valid\u00e9e avec succ\u00e8s"}
Arguments: ['C:\\Users\\admin\\Desktop\\pifull - Copie (2)\\piBack\\scripts\\face_validator_cli.py', 'C:\\Users\\admin\\Desktop\\pifull - Copie (2)\\piBack\\uploads\\1746204697632-Capture_d___cran_2025_05_01_145637.png']
RÈpertoire courant: C:\Users\admin\Desktop\pifull - Copie (2)\piBack
Chemin de l'image: C:\Users\admin\Desktop\pifull - Copie (2)\piBack\uploads\1746204697632-Capture_d___cran_2025_05_01_145637.png
Taille du fichier: 302433 octets
Le fichier est accessible en lecture: True
Tentative de lecture de l'image: C:\Users\admin\Desktop\pifull - Copie (2)\piBack\uploads\1746204697632-Capture_d___cran_2025_05_01_145637.png
Taille du fichier: 302433 octets
Image lue avec PIL: (399, 520)
Dimensions de l'image: (520, 399, 3)
Tentative avec params {'scaleFactor': 1.1, 'minNeighbors': 5, 'minSize': (30, 30)}: 1 visages dÈtectÈs
Envoi de la rÈponse JSON: {"isValid": true, "message": "Image valid\u00e9e avec succ\u00e8s"}
Arguments: ['C:\\Users\\admin\\Desktop\\pifull - Copie (2)\\piBack\\scripts\\face_validator_cli.py', 'C:\\Users\\admin\\Desktop\\pifull - Copie (2)\\piBack\\uploads\\1746204728250-Capture_d___cran_2025_05_01_145637.png']
RÈpertoire courant: C:\Users\admin\Desktop\pifull - Copie (2)\piBack
Chemin de l'image: C:\Users\admin\Desktop\pifull - Copie (2)\piBack\uploads\1746204728250-Capture_d___cran_2025_05_01_145637.png
Taille du fichier: 302433 octets
Le fichier est accessible en lecture: True
Tentative de lecture de l'image: C:\Users\admin\Desktop\pifull - Copie (2)\piBack\uploads\1746204728250-Capture_d___cran_2025_05_01_145637.png
Taille du fichier: 302433 octets
Image lue avec PIL: (399, 520)
Dimensions de l'image: (520, 399, 3)
Tentative avec params {'scaleFactor': 1.1, 'minNeighbors': 5, 'minSize': (30, 30)}: 1 visages dÈtectÈs
Envoi de la rÈponse JSON: {"isValid": true, "message": "Image valid\u00e9e avec succ\u00e8s"}
Arguments: ['C:\\Users\\admin\\Desktop\\pifull - Copie (2)\\piBack\\scripts\\face_validator_cli.py', 'C:\\Users\\admin\\Desktop\\pifull - Copie (2)\\piBack\\uploads\\1746205427481-Capture_d___cran_2025_05_01_145637.png']
RÈpertoire courant: C:\Users\admin\Desktop\pifull - Copie (2)\piBack
Chemin de l'image: C:\Users\admin\Desktop\pifull - Copie (2)\piBack\uploads\1746205427481-Capture_d___cran_2025_05_01_145637.png
Taille du fichier: 302433 octets
Le fichier est accessible en lecture: True
Tentative de lecture de l'image: C:\Users\admin\Desktop\pifull - Copie (2)\piBack\uploads\1746205427481-Capture_d___cran_2025_05_01_145637.png
Taille du fichier: 302433 octets
Image lue avec PIL: (399, 520)
Dimensions de l'image: (520, 399, 3)
Tentative avec params {'scaleFactor': 1.1, 'minNeighbors': 5, 'minSize': (30, 30)}: 1 visages dÈtectÈs
Envoi de la rÈponse JSON: {"isValid": true, "message": "Image valid\u00e9e avec succ\u00e8s"}
Arguments: ['C:\\Users\\admin\\Desktop\\pifull - Copie (2)\\piBack\\scripts\\face_validator_cli.py', 'C:\\Users\\admin\\Desktop\\pifull - Copie (2)\\piBack\\uploads\\1746205431297-Capture_d___cran_2025_05_01_145637.png']
RÈpertoire courant: C:\Users\admin\Desktop\pifull - Copie (2)\piBack
Chemin de l'image: C:\Users\admin\Desktop\pifull - Copie (2)\piBack\uploads\1746205431297-Capture_d___cran_2025_05_01_145637.png
Taille du fichier: 302433 octets
Le fichier est accessible en lecture: True
Tentative de lecture de l'image: C:\Users\admin\Desktop\pifull - Copie (2)\piBack\uploads\1746205431297-Capture_d___cran_2025_05_01_145637.png
Taille du fichier: 302433 octets
Image lue avec PIL: (399, 520)
Dimensions de l'image: (520, 399, 3)
Tentative avec params {'scaleFactor': 1.1, 'minNeighbors': 5, 'minSize': (30, 30)}: 1 visages dÈtectÈs
Envoi de la rÈponse JSON: {"isValid": true, "message": "Image valid\u00e9e avec succ\u00e8s"}
Arguments: ['D:\\campx_finale\\piBack\\scripts\\face_validator_cli.py', 'D:\\campx_finale\\piBack\\uploads\\1746579523679-unnamed.jpg']
RÈpertoire courant: D:\campx_finale\piBack
Chemin de l'image: D:\campx_finale\piBack\uploads\1746579523679-unnamed.jpg
Taille du fichier: 26654 octets
Le fichier est accessible en lecture: True
Tentative de lecture de l'image: D:\campx_finale\piBack\uploads\1746579523679-unnamed.jpg
Taille du fichier: 26654 octets
Image lue avec PIL: (360, 360)
Dimensions de l'image: (360, 360, 3)
Tentative avec params {'scaleFactor': 1.1, 'minNeighbors': 5, 'minSize': (30, 30)}: 2 visages dÈtectÈs
Envoi de la rÈponse JSON: {"isValid": true, "message": "Image valid\u00e9e avec succ\u00e8s"}
Arguments: ['/home/ubuntu/camp-final/campx_finale/piBack/scripts/face_validator_cli.py', '/home/ubuntu/camp-final/campx_finale/piBack/uploads/1746562808818-unnamed.jpg']
R√©pertoire courant: /home/ubuntu/camp-final/campx_finale/piBack
Chemin de l'image: /home/ubuntu/camp-final/campx_finale/piBack/uploads/1746562808818-unnamed.jpg
Taille du fichier: 26654 octets
Le fichier est accessible en lecture: True
Tentative de lecture de l'image: /home/ubuntu/camp-final/campx_finale/piBack/uploads/1746562808818-unnamed.jpg
Taille du fichier: 26654 octets
Image lue avec PIL: (360, 360)
Dimensions de l'image: (360, 360, 3)
Tentative avec params {'scaleFactor': 1.1, 'minNeighbors': 5, 'minSize': (30, 30)}: 2 visages d√©tect√©s
Envoi de la r√©ponse JSON: {"isValid": true, "message": "Image valid\u00e9e avec succ\u00e8s"}
Arguments: ['/home/ubuntu/camp-final/campx_finale/piBack/scripts/face_validator_cli.py', '/home/ubuntu/camp-final/campx_finale/piBack/uploads/1746562825455-unnamed.jpg']
R√©pertoire courant: /home/ubuntu/camp-final/campx_finale/piBack
Chemin de l'image: /home/ubuntu/camp-final/campx_finale/piBack/uploads/1746562825455-unnamed.jpg
Taille du fichier: 26654 octets
Le fichier est accessible en lecture: True
Tentative de lecture de l'image: /home/ubuntu/camp-final/campx_finale/piBack/uploads/1746562825455-unnamed.jpg
Taille du fichier: 26654 octets
Image lue avec PIL: (360, 360)
Dimensions de l'image: (360, 360, 3)
Tentative avec params {'scaleFactor': 1.1, 'minNeighbors': 5, 'minSize': (30, 30)}: 2 visages d√©tect√©s
Envoi de la r√©ponse JSON: {"isValid": true, "message": "Image valid\u00e9e avec succ\u00e8s"}
Arguments: ['/home/ubuntu/camp-final/campx_finale/piBack/scripts/face_validator_cli.py', '/home/ubuntu/camp-final/campx_finale/piBack/uploads/1746562897635-unnamed.jpg']
R√©pertoire courant: /home/ubuntu/camp-final/campx_finale/piBack
Chemin de l'image: /home/ubuntu/camp-final/campx_finale/piBack/uploads/1746562897635-unnamed.jpg
Taille du fichier: 26654 octets
Le fichier est accessible en lecture: True
Tentative de lecture de l'image: /home/ubuntu/camp-final/campx_finale/piBack/uploads/1746562897635-unnamed.jpg
Taille du fichier: 26654 octets
Image lue avec PIL: (360, 360)
Dimensions de l'image: (360, 360, 3)
Tentative avec params {'scaleFactor': 1.1, 'minNeighbors': 5, 'minSize': (30, 30)}: 2 visages d√©tect√©s
Envoi de la r√©ponse JSON: {"isValid": true, "message": "Image valid\u00e9e avec succ\u00e8s"}
Arguments: ['/home/ubuntu/camp-final/campx_finale/piBack/scripts/face_validator_cli.py', '/home/ubuntu/camp-final/campx_finale/piBack/uploads/1746606091608-unnamed.jpg']
R√©pertoire courant: /home/ubuntu/camp-final/campx_finale/piBack
Chemin de l'image: /home/ubuntu/camp-final/campx_finale/piBack/uploads/1746606091608-unnamed.jpg
Taille du fichier: 26654 octets
Le fichier est accessible en lecture: True
Tentative de lecture de l'image: /home/ubuntu/camp-final/campx_finale/piBack/uploads/1746606091608-unnamed.jpg
Taille du fichier: 26654 octets
Image lue avec PIL: (360, 360)
Dimensions de l'image: (360, 360, 3)
Tentative avec params {'scaleFactor': 1.1, 'minNeighbors': 5, 'minSize': (30, 30)}: 2 visages d√©tect√©s
Envoi de la r√©ponse JSON: {"isValid": true, "message": "Image valid\u00e9e avec succ\u00e8s"}
Arguments: ['/home/ubuntu/camp-final/campx_finale/piBack/scripts/face_validator_cli.py', '/home/ubuntu/camp-final/campx_finale/piBack/uploads/1746606094853-unnamed.jpg']
R√©pertoire courant: /home/ubuntu/camp-final/campx_finale/piBack
Chemin de l'image: /home/ubuntu/camp-final/campx_finale/piBack/uploads/1746606094853-unnamed.jpg
Taille du fichier: 26654 octets
Le fichier est accessible en lecture: True
Tentative de lecture de l'image: /home/ubuntu/camp-final/campx_finale/piBack/uploads/1746606094853-unnamed.jpg
Taille du fichier: 26654 octets
Image lue avec PIL: (360, 360)
Dimensions de l'image: (360, 360, 3)
Tentative avec params {'scaleFactor': 1.1, 'minNeighbors': 5, 'minSize': (30, 30)}: 2 visages d√©tect√©s
Envoi de la r√©ponse JSON: {"isValid": true, "message": "Image valid\u00e9e avec succ\u00e8s"}
Arguments: ['/home/ubuntu/camp-final/campx_finale/piBack/scripts/face_validator_cli.py', '/home/ubuntu/camp-final/campx_finale/piBack/uploads/1746612842929-unnamed.jpg']
R√©pertoire courant: /home/ubuntu/camp-final/campx_finale/piBack
Chemin de l'image: /home/ubuntu/camp-final/campx_finale/piBack/uploads/1746612842929-unnamed.jpg
Taille du fichier: 26654 octets
Le fichier est accessible en lecture: True
Tentative de lecture de l'image: /home/ubuntu/camp-final/campx_finale/piBack/uploads/1746612842929-unnamed.jpg
Taille du fichier: 26654 octets
Image lue avec PIL: (360, 360)
Dimensions de l'image: (360, 360, 3)
Tentative avec params {'scaleFactor': 1.1, 'minNeighbors': 5, 'minSize': (30, 30)}: 2 visages d√©tect√©s
Envoi de la r√©ponse JSON: {"isValid": true, "message": "Image valid\u00e9e avec succ\u00e8s"}
Arguments: ['/home/ubuntu/camp-final/campx_finale/piBack/scripts/face_validator_cli.py', '/home/ubuntu/camp-final/campx_finale/piBack/uploads/1746613073533-unnamed.jpg']
R√©pertoire courant: /home/ubuntu/camp-final/campx_finale/piBack
Chemin de l'image: /home/ubuntu/camp-final/campx_finale/piBack/uploads/1746613073533-unnamed.jpg
Taille du fichier: 26654 octets
Le fichier est accessible en lecture: True
Tentative de lecture de l'image: /home/ubuntu/camp-final/campx_finale/piBack/uploads/1746613073533-unnamed.jpg
Taille du fichier: 26654 octets
Image lue avec PIL: (360, 360)
Dimensions de l'image: (360, 360, 3)
Tentative avec params {'scaleFactor': 1.1, 'minNeighbors': 5, 'minSize': (30, 30)}: 2 visages d√©tect√©s
Envoi de la r√©ponse JSON: {"isValid": true, "message": "Image valid\u00e9e avec succ\u00e8s"}
Arguments: ['/home/ubuntu/camp-final/campx_finale/piBack/scripts/face_validator_cli.py', '/home/ubuntu/camp-final/campx_finale/piBack/uploads/1746613309132-unnamed.jpg']
R√©pertoire courant: /home/ubuntu/camp-final/campx_finale/piBack
Chemin de l'image: /home/ubuntu/camp-final/campx_finale/piBack/uploads/1746613309132-unnamed.jpg
Taille du fichier: 26654 octets
Le fichier est accessible en lecture: True
Tentative de lecture de l'image: /home/ubuntu/camp-final/campx_finale/piBack/uploads/1746613309132-unnamed.jpg
Taille du fichier: 26654 octets
Image lue avec PIL: (360, 360)
Dimensions de l'image: (360, 360, 3)
Tentative avec params {'scaleFactor': 1.1, 'minNeighbors': 5, 'minSize': (30, 30)}: 2 visages d√©tect√©s
Envoi de la r√©ponse JSON: {"isValid": true, "message": "Image valid\u00e9e avec succ\u00e8s"}
Arguments: ['/home/ubuntu/camp-final/campx_finale/piBack/scripts/face_validator_cli.py', '/home/ubuntu/camp-final/campx_finale/piBack/uploads/1746800747019-unnamed.jpg']
R√©pertoire courant: /home/ubuntu/camp-final/campx_finale/piBack
Chemin de l'image: /home/ubuntu/camp-final/campx_finale/piBack/uploads/1746800747019-unnamed.jpg
Taille du fichier: 26654 octets
Le fichier est accessible en lecture: True
Tentative de lecture de l'image: /home/ubuntu/camp-final/campx_finale/piBack/uploads/1746800747019-unnamed.jpg
Taille du fichier: 26654 octets
Image lue avec PIL: (360, 360)
Dimensions de l'image: (360, 360, 3)
Tentative avec params {'scaleFactor': 1.1, 'minNeighbors': 5, 'minSize': (30, 30)}: 2 visages d√©tect√©s
Envoi de la r√©ponse JSON: {"isValid": true, "message": "Image valid\u00e9e avec succ\u00e8s"}
Arguments: ['/home/ubuntu/camp-final/campx_finale/piBack/scripts/face_validator_cli.py', '/home/ubuntu/camp-final/campx_finale/piBack/uploads/1746800759959-unnamed.jpg']
R√©pertoire courant: /home/ubuntu/camp-final/campx_finale/piBack
Chemin de l'image: /home/ubuntu/camp-final/campx_finale/piBack/uploads/1746800759959-unnamed.jpg
Taille du fichier: 26654 octets
Le fichier est accessible en lecture: True
Tentative de lecture de l'image: /home/ubuntu/camp-final/campx_finale/piBack/uploads/1746800759959-unnamed.jpg
Taille du fichier: 26654 octets
Image lue avec PIL: (360, 360)
Dimensions de l'image: (360, 360, 3)
Tentative avec params {'scaleFactor': 1.1, 'minNeighbors': 5, 'minSize': (30, 30)}: 2 visages d√©tect√©s
Envoi de la r√©ponse JSON: {"isValid": true, "message": "Image valid\u00e9e avec succ\u00e8s"}
Arguments: ['/home/ubuntu/camp-final/campx_finale/piBack/scripts/face_validator_cli.py', '/home/ubuntu/camp-final/campx_finale/piBack/uploads/1746885757651-354066701_577792671102134_4744042947219866853_n.jpg']
R√©pertoire courant: /home/ubuntu/camp-final/campx_finale/piBack
Chemin de l'image: /home/ubuntu/camp-final/campx_finale/piBack/uploads/1746885757651-354066701_577792671102134_4744042947219866853_n.jpg
Taille du fichier: 142500 octets
Le fichier est accessible en lecture: True
Tentative de lecture de l'image: /home/ubuntu/camp-final/campx_finale/piBack/uploads/1746885757651-354066701_577792671102134_4744042947219866853_n.jpg
Taille du fichier: 142500 octets
Image lue avec PIL: (1133, 927)
Dimensions de l'image: (927, 1133, 3)
Tentative avec params {'scaleFactor': 1.1, 'minNeighbors': 5, 'minSize': (30, 30)}: 3 visages d√©tect√©s
Envoi de la r√©ponse JSON: {"isValid": true, "message": "Image valid\u00e9e avec succ\u00e8s"}
Arguments: ['/home/ubuntu/camp-final/campx_finale/piBack/scripts/face_validator_cli.py', '/home/ubuntu/camp-final/campx_finale/piBack/uploads/1746885760803-354066701_577792671102134_4744042947219866853_n.jpg']
R√©pertoire courant: /home/ubuntu/camp-final/campx_finale/piBack
Chemin de l'image: /home/ubuntu/camp-final/campx_finale/piBack/uploads/1746885760803-354066701_577792671102134_4744042947219866853_n.jpg
Taille du fichier: 142500 octets
Le fichier est accessible en lecture: True
Tentative de lecture de l'image: /home/ubuntu/camp-final/campx_finale/piBack/uploads/1746885760803-354066701_577792671102134_4744042947219866853_n.jpg
Taille du fichier: 142500 octets
Image lue avec PIL: (1133, 927)
Dimensions de l'image: (927, 1133, 3)
Tentative avec params {'scaleFactor': 1.1, 'minNeighbors': 5, 'minSize': (30, 30)}: 3 visages d√©tect√©s
Envoi de la r√©ponse JSON: {"isValid": true, "message": "Image valid\u00e9e avec succ\u00e8s"}
Arguments: ['/home/ubuntu/camp-final/campx_finale/piBack/scripts/face_validator_cli.py', '/home/ubuntu/camp-final/campx_finale/piBack/uploads/1746886125152-354066701_577792671102134_4744042947219866853_n.jpg']
R√©pertoire courant: /home/ubuntu/camp-final/campx_finale/piBack
Chemin de l'image: /home/ubuntu/camp-final/campx_finale/piBack/uploads/1746886125152-354066701_577792671102134_4744042947219866853_n.jpg
Taille du fichier: 142500 octets
Le fichier est accessible en lecture: True
Tentative de lecture de l'image: /home/ubuntu/camp-final/campx_finale/piBack/uploads/1746886125152-354066701_577792671102134_4744042947219866853_n.jpg
Taille du fichier: 142500 octets
Image lue avec PIL: (1133, 927)
Dimensions de l'image: (927, 1133, 3)
Tentative avec params {'scaleFactor': 1.1, 'minNeighbors': 5, 'minSize': (30, 30)}: 3 visages d√©tect√©s
Envoi de la r√©ponse JSON: {"isValid": true, "message": "Image valid\u00e9e avec succ\u00e8s"}
Arguments: ['/home/ubuntu/camp-final/campx_finale/piBack/scripts/face_validator_cli.py', '/home/ubuntu/camp-final/campx_finale/piBack/uploads/1746886850711-354066701_577792671102134_4744042947219866853_n.jpg']
R√©pertoire courant: /home/ubuntu/camp-final/campx_finale/piBack
Chemin de l'image: /home/ubuntu/camp-final/campx_finale/piBack/uploads/1746886850711-354066701_577792671102134_4744042947219866853_n.jpg
Taille du fichier: 142500 octets
Le fichier est accessible en lecture: True
Tentative de lecture de l'image: /home/ubuntu/camp-final/campx_finale/piBack/uploads/1746886850711-354066701_577792671102134_4744042947219866853_n.jpg
Taille du fichier: 142500 octets
Image lue avec PIL: (1133, 927)
Dimensions de l'image: (927, 1133, 3)
Tentative avec params {'scaleFactor': 1.1, 'minNeighbors': 5, 'minSize': (30, 30)}: 3 visages d√©tect√©s
Envoi de la r√©ponse JSON: {"isValid": true, "message": "Image valid\u00e9e avec succ\u00e8s"}
Arguments: ['/home/ubuntu/camp-final/campx_finale/piBack/scripts/face_validator_cli.py', '/home/ubuntu/camp-final/campx_finale/piBack/uploads/1746886853275-354066701_577792671102134_4744042947219866853_n.jpg']
R√©pertoire courant: /home/ubuntu/camp-final/campx_finale/piBack
Chemin de l'image: /home/ubuntu/camp-final/campx_finale/piBack/uploads/1746886853275-354066701_577792671102134_4744042947219866853_n.jpg
Taille du fichier: 142500 octets
Le fichier est accessible en lecture: True
Tentative de lecture de l'image: /home/ubuntu/camp-final/campx_finale/piBack/uploads/1746886853275-354066701_577792671102134_4744042947219866853_n.jpg
Taille du fichier: 142500 octets
Image lue avec PIL: (1133, 927)
Dimensions de l'image: (927, 1133, 3)
Tentative avec params {'scaleFactor': 1.1, 'minNeighbors': 5, 'minSize': (30, 30)}: 3 visages d√©tect√©s
Envoi de la r√©ponse JSON: {"isValid": true, "message": "Image valid\u00e9e avec succ\u00e8s"}
Arguments: ['/home/ubuntu/camp-final/campx_finale/piBack/scripts/face_validator_cli.py', '/home/ubuntu/camp-final/campx_finale/piBack/uploads/1746890663343-HmidAhmed.jpg']
R√©pertoire courant: /home/ubuntu/camp-final/campx_finale/piBack
Chemin de l'image: /home/ubuntu/camp-final/campx_finale/piBack/uploads/1746890663343-HmidAhmed.jpg
Taille du fichier: 14753 octets
Le fichier est accessible en lecture: True
Tentative de lecture de l'image: /home/ubuntu/camp-final/campx_finale/piBack/uploads/1746890663343-HmidAhmed.jpg
Taille du fichier: 14753 octets
Image lue avec PIL: (154, 160)
Dimensions de l'image: (160, 154, 3)
Tentative avec params {'scaleFactor': 1.1, 'minNeighbors': 5, 'minSize': (30, 30)}: 1 visages d√©tect√©s
Envoi de la r√©ponse JSON: {"isValid": true, "message": "Image valid\u00e9e avec succ\u00e8s"}
Arguments: ['/home/ubuntu/camp-final/campx_finale/piBack/scripts/face_validator_cli.py', '/home/ubuntu/camp-final/campx_finale/piBack/uploads/1746890665790-HmidAhmed.jpg']
R√©pertoire courant: /home/ubuntu/camp-final/campx_finale/piBack
Chemin de l'image: /home/ubuntu/camp-final/campx_finale/piBack/uploads/1746890665790-HmidAhmed.jpg
Taille du fichier: 14753 octets
Le fichier est accessible en lecture: True
Tentative de lecture de l'image: /home/ubuntu/camp-final/campx_finale/piBack/uploads/1746890665790-HmidAhmed.jpg
Taille du fichier: 14753 octets
Image lue avec PIL: (154, 160)
Dimensions de l'image: (160, 154, 3)
Tentative avec params {'scaleFactor': 1.1, 'minNeighbors': 5, 'minSize': (30, 30)}: 1 visages d√©tect√©s
Envoi de la r√©ponse JSON: {"isValid": true, "message": "Image valid\u00e9e avec succ\u00e8s"}
Arguments: ['/home/ubuntu/camp-final/campx_finale/piBack/scripts/face_validator_cli.py', '/home/ubuntu/camp-final/campx_finale/piBack/uploads/1746891782733-HmidAhmed.jpg']
R√©pertoire courant: /home/ubuntu/camp-final/campx_finale/piBack
Chemin de l'image: /home/ubuntu/camp-final/campx_finale/piBack/uploads/1746891782733-HmidAhmed.jpg
Taille du fichier: 14753 octets
Le fichier est accessible en lecture: True
Tentative de lecture de l'image: /home/ubuntu/camp-final/campx_finale/piBack/uploads/1746891782733-HmidAhmed.jpg
Taille du fichier: 14753 octets
Image lue avec PIL: (154, 160)
Dimensions de l'image: (160, 154, 3)
Tentative avec params {'scaleFactor': 1.1, 'minNeighbors': 5, 'minSize': (30, 30)}: 1 visages d√©tect√©s
Envoi de la r√©ponse JSON: {"isValid": true, "message": "Image valid\u00e9e avec succ\u00e8s"}
Arguments: ['/home/ubuntu/camp-final/campx_finale/piBack/scripts/face_validator_cli.py', '/home/ubuntu/camp-final/campx_finale/piBack/uploads/1746891784907-HmidAhmed.jpg']
R√©pertoire courant: /home/ubuntu/camp-final/campx_finale/piBack
Chemin de l'image: /home/ubuntu/camp-final/campx_finale/piBack/uploads/1746891784907-HmidAhmed.jpg
Taille du fichier: 14753 octets
Le fichier est accessible en lecture: True
Tentative de lecture de l'image: /home/ubuntu/camp-final/campx_finale/piBack/uploads/1746891784907-HmidAhmed.jpg
Taille du fichier: 14753 octets
Image lue avec PIL: (154, 160)
Dimensions de l'image: (160, 154, 3)
Tentative avec params {'scaleFactor': 1.1, 'minNeighbors': 5, 'minSize': (30, 30)}: 1 visages d√©tect√©s
Envoi de la r√©ponse JSON: {"isValid": true, "message": "Image valid\u00e9e avec succ\u00e8s"}
Arguments: ['/home/ubuntu/camp-final/campx_finale/piBack/scripts/face_validator_cli.py', '/home/ubuntu/camp-final/campx_finale/piBack/uploads/1746892007798-HmidAhmed.jpg']
R√©pertoire courant: /home/ubuntu/camp-final/campx_finale/piBack
Chemin de l'image: /home/ubuntu/camp-final/campx_finale/piBack/uploads/1746892007798-HmidAhmed.jpg
Taille du fichier: 14753 octets
Le fichier est accessible en lecture: True
Tentative de lecture de l'image: /home/ubuntu/camp-final/campx_finale/piBack/uploads/1746892007798-HmidAhmed.jpg
Taille du fichier: 14753 octets
Image lue avec PIL: (154, 160)
Dimensions de l'image: (160, 154, 3)
Tentative avec params {'scaleFactor': 1.1, 'minNeighbors': 5, 'minSize': (30, 30)}: 1 visages d√©tect√©s
Envoi de la r√©ponse JSON: {"isValid": true, "message": "Image valid\u00e9e avec succ\u00e8s"}
Arguments: ['/home/ubuntu/camp-final/campx_finale/piBack/scripts/face_validator_cli.py', '/home/ubuntu/camp-final/campx_finale/piBack/uploads/1746892010103-HmidAhmed.jpg']
R√©pertoire courant: /home/ubuntu/camp-final/campx_finale/piBack
Chemin de l'image: /home/ubuntu/camp-final/campx_finale/piBack/uploads/1746892010103-HmidAhmed.jpg
Taille du fichier: 14753 octets
Le fichier est accessible en lecture: True
Tentative de lecture de l'image: /home/ubuntu/camp-final/campx_finale/piBack/uploads/1746892010103-HmidAhmed.jpg
Taille du fichier: 14753 octets
Image lue avec PIL: (154, 160)
Dimensions de l'image: (160, 154, 3)
Tentative avec params {'scaleFactor': 1.1, 'minNeighbors': 5, 'minSize': (30, 30)}: 1 visages d√©tect√©s
Envoi de la r√©ponse JSON: {"isValid": true, "message": "Image valid\u00e9e avec succ\u00e8s"}
Arguments: ['/home/ubuntu/camp-final/campx_finale/piBack/scripts/face_validator_cli.py', '/home/ubuntu/camp-final/campx_finale/piBack/uploads/1746984459603-unnamed.jpg']
R√©pertoire courant: /home/ubuntu/camp-final/campx_finale/piBack
Chemin de l'image: /home/ubuntu/camp-final/campx_finale/piBack/uploads/1746984459603-unnamed.jpg
Taille du fichier: 26654 octets
Le fichier est accessible en lecture: True
Tentative de lecture de l'image: /home/ubuntu/camp-final/campx_finale/piBack/uploads/1746984459603-unnamed.jpg
Taille du fichier: 26654 octets
Image lue avec PIL: (360, 360)
Dimensions de l'image: (360, 360, 3)
Tentative avec params {'scaleFactor': 1.1, 'minNeighbors': 5, 'minSize': (30, 30)}: 2 visages d√©tect√©s
Envoi de la r√©ponse JSON: {"isValid": true, "message": "Image valid\u00e9e avec succ\u00e8s"}
Arguments: ['/home/ubuntu/camp-final/campx_finale/piBack/scripts/face_validator_cli.py', '/home/ubuntu/camp-final/campx_finale/piBack/uploads/1746984476104-unnamed.jpg']
R√©pertoire courant: /home/ubuntu/camp-final/campx_finale/piBack
Chemin de l'image: /home/ubuntu/camp-final/campx_finale/piBack/uploads/1746984476104-unnamed.jpg
Taille du fichier: 26654 octets
Le fichier est accessible en lecture: True
Tentative de lecture de l'image: /home/ubuntu/camp-final/campx_finale/piBack/uploads/1746984476104-unnamed.jpg
Taille du fichier: 26654 octets
Image lue avec PIL: (360, 360)
Dimensions de l'image: (360, 360, 3)
Tentative avec params {'scaleFactor': 1.1, 'minNeighbors': 5, 'minSize': (30, 30)}: 2 visages d√©tect√©s
Envoi de la r√©ponse JSON: {"isValid": true, "message": "Image valid\u00e9e avec succ\u00e8s"}
Arguments: ['/home/ubuntu/camp-final/campx_finale/piBack/scripts/face_validator_cli.py', '/home/ubuntu/camp-final/campx_finale/piBack/uploads/1746985389526-unnamed.jpg']
R√©pertoire courant: /home/ubuntu/camp-final/campx_finale/piBack
Chemin de l'image: /home/ubuntu/camp-final/campx_finale/piBack/uploads/1746985389526-unnamed.jpg
Taille du fichier: 26654 octets
Le fichier est accessible en lecture: True
Tentative de lecture de l'image: /home/ubuntu/camp-final/campx_finale/piBack/uploads/1746985389526-unnamed.jpg
Taille du fichier: 26654 octets
Image lue avec PIL: (360, 360)
Dimensions de l'image: (360, 360, 3)
Tentative avec params {'scaleFactor': 1.1, 'minNeighbors': 5, 'minSize': (30, 30)}: 2 visages d√©tect√©s
Envoi de la r√©ponse JSON: {"isValid": true, "message": "Image valid\u00e9e avec succ\u00e8s"}
Arguments: ['/home/ubuntu/camp-final/campx_finale/piBack/scripts/face_validator_cli.py', '/home/ubuntu/camp-final/campx_finale/piBack/uploads/1746985391554-unnamed.jpg']
R√©pertoire courant: /home/ubuntu/camp-final/campx_finale/piBack
Chemin de l'image: /home/ubuntu/camp-final/campx_finale/piBack/uploads/1746985391554-unnamed.jpg
Taille du fichier: 26654 octets
Le fichier est accessible en lecture: True
Tentative de lecture de l'image: /home/ubuntu/camp-final/campx_finale/piBack/uploads/1746985391554-unnamed.jpg
Taille du fichier: 26654 octets
Image lue avec PIL: (360, 360)
Dimensions de l'image: (360, 360, 3)
Tentative avec params {'scaleFactor': 1.1, 'minNeighbors': 5, 'minSize': (30, 30)}: 2 visages d√©tect√©s
Envoi de la r√©ponse JSON: {"isValid": true, "message": "Image valid\u00e9e avec succ\u00e8s"}
Arguments: ['/home/ubuntu/camp-final/campx_finale/piBack/scripts/face_validator_cli.py', '/home/ubuntu/camp-final/campx_finale/piBack/uploads/1746985963385-unnamed.jpg']
R√©pertoire courant: /home/ubuntu/camp-final/campx_finale/piBack
Chemin de l'image: /home/ubuntu/camp-final/campx_finale/piBack/uploads/1746985963385-unnamed.jpg
Taille du fichier: 26654 octets
Le fichier est accessible en lecture: True
Tentative de lecture de l'image: /home/ubuntu/camp-final/campx_finale/piBack/uploads/1746985963385-unnamed.jpg
Taille du fichier: 26654 octets
Image lue avec PIL: (360, 360)
Dimensions de l'image: (360, 360, 3)
Tentative avec params {'scaleFactor': 1.1, 'minNeighbors': 5, 'minSize': (30, 30)}: 2 visages d√©tect√©s
Envoi de la r√©ponse JSON: {"isValid": true, "message": "Image valid\u00e9e avec succ\u00e8s"}
Arguments: ['/home/ubuntu/camp-final/campx_finale/piBack/scripts/face_validator_cli.py', '/home/ubuntu/camp-final/campx_finale/piBack/uploads/1746985965081-unnamed.jpg']
R√©pertoire courant: /home/ubuntu/camp-final/campx_finale/piBack
Chemin de l'image: /home/ubuntu/camp-final/campx_finale/piBack/uploads/1746985965081-unnamed.jpg
Taille du fichier: 26654 octets
Le fichier est accessible en lecture: True
Tentative de lecture de l'image: /home/ubuntu/camp-final/campx_finale/piBack/uploads/1746985965081-unnamed.jpg
Taille du fichier: 26654 octets
Image lue avec PIL: (360, 360)
Dimensions de l'image: (360, 360, 3)
Tentative avec params {'scaleFactor': 1.1, 'minNeighbors': 5, 'minSize': (30, 30)}: 2 visages d√©tect√©s
Envoi de la r√©ponse JSON: {"isValid": true, "message": "Image valid\u00e9e avec succ\u00e8s"}
Arguments: ['/home/ubuntu/camp-final/campx_finale/piBack/scripts/face_validator_cli.py', '/home/ubuntu/camp-final/campx_finale/piBack/uploads/1746986242328-unnamed.jpg']
R√©pertoire courant: /home/ubuntu/camp-final/campx_finale/piBack
Chemin de l'image: /home/ubuntu/camp-final/campx_finale/piBack/uploads/1746986242328-unnamed.jpg
Taille du fichier: 26654 octets
Le fichier est accessible en lecture: True
Tentative de lecture de l'image: /home/ubuntu/camp-final/campx_finale/piBack/uploads/1746986242328-unnamed.jpg
Taille du fichier: 26654 octets
Image lue avec PIL: (360, 360)
Dimensions de l'image: (360, 360, 3)
Tentative avec params {'scaleFactor': 1.1, 'minNeighbors': 5, 'minSize': (30, 30)}: 2 visages d√©tect√©s
Envoi de la r√©ponse JSON: {"isValid": true, "message": "Image valid\u00e9e avec succ\u00e8s"}
Arguments: ['/home/ubuntu/camp-final/campx_finale/piBack/scripts/face_validator_cli.py', '/home/ubuntu/camp-final/campx_finale/piBack/uploads/1746986244590-unnamed.jpg']
R√©pertoire courant: /home/ubuntu/camp-final/campx_finale/piBack
Chemin de l'image: /home/ubuntu/camp-final/campx_finale/piBack/uploads/1746986244590-unnamed.jpg
Taille du fichier: 26654 octets
Le fichier est accessible en lecture: True
Tentative de lecture de l'image: /home/ubuntu/camp-final/campx_finale/piBack/uploads/1746986244590-unnamed.jpg
Taille du fichier: 26654 octets
Image lue avec PIL: (360, 360)
Dimensions de l'image: (360, 360, 3)
Tentative avec params {'scaleFactor': 1.1, 'minNeighbors': 5, 'minSize': (30, 30)}: 2 visages d√©tect√©s
Envoi de la r√©ponse JSON: {"isValid": true, "message": "Image valid\u00e9e avec succ\u00e8s"}
Arguments: ['/home/ubuntu/camp-final/campx_finale/piBack/scripts/face_validator_cli.py', '/home/ubuntu/camp-final/campx_finale/piBack/uploads/1746986684180-unnamed.jpg']
R√©pertoire courant: /home/ubuntu/camp-final/campx_finale/piBack
Chemin de l'image: /home/ubuntu/camp-final/campx_finale/piBack/uploads/1746986684180-unnamed.jpg
Taille du fichier: 26654 octets
Le fichier est accessible en lecture: True
Tentative de lecture de l'image: /home/ubuntu/camp-final/campx_finale/piBack/uploads/1746986684180-unnamed.jpg
Taille du fichier: 26654 octets
Image lue avec PIL: (360, 360)
Dimensions de l'image: (360, 360, 3)
Tentative avec params {'scaleFactor': 1.1, 'minNeighbors': 5, 'minSize': (30, 30)}: 2 visages d√©tect√©s
Envoi de la r√©ponse JSON: {"isValid": true, "message": "Image valid\u00e9e avec succ\u00e8s"}
Arguments: ['/home/ubuntu/camp-final/campx_finale/piBack/scripts/face_validator_cli.py', '/home/ubuntu/camp-final/campx_finale/piBack/uploads/1746986685641-unnamed.jpg']
R√©pertoire courant: /home/ubuntu/camp-final/campx_finale/piBack
Chemin de l'image: /home/ubuntu/camp-final/campx_finale/piBack/uploads/1746986685641-unnamed.jpg
Taille du fichier: 26654 octets
Le fichier est accessible en lecture: True
Tentative de lecture de l'image: /home/ubuntu/camp-final/campx_finale/piBack/uploads/1746986685641-unnamed.jpg
Taille du fichier: 26654 octets
Image lue avec PIL: (360, 360)
Dimensions de l'image: (360, 360, 3)
Tentative avec params {'scaleFactor': 1.1, 'minNeighbors': 5, 'minSize': (30, 30)}: 2 visages d√©tect√©s
Envoi de la r√©ponse JSON: {"isValid": true, "message": "Image valid\u00e9e avec succ\u00e8s"}
Arguments: ['/home/ubuntu/camp-final/campx_finale/piBack/scripts/face_validator_cli.py', '/home/ubuntu/camp-final/campx_finale/piBack/uploads/1746987283957-unnamed.jpg']
R√©pertoire courant: /home/ubuntu/camp-final/campx_finale/piBack
Chemin de l'image: /home/ubuntu/camp-final/campx_finale/piBack/uploads/1746987283957-unnamed.jpg
Taille du fichier: 26654 octets
Le fichier est accessible en lecture: True
Tentative de lecture de l'image: /home/ubuntu/camp-final/campx_finale/piBack/uploads/1746987283957-unnamed.jpg
Taille du fichier: 26654 octets
Image lue avec PIL: (360, 360)
Dimensions de l'image: (360, 360, 3)
Tentative avec params {'scaleFactor': 1.1, 'minNeighbors': 5, 'minSize': (30, 30)}: 2 visages d√©tect√©s
Envoi de la r√©ponse JSON: {"isValid": true, "message": "Image valid\u00e9e avec succ\u00e8s"}
Arguments: ['/home/ubuntu/camp-final/campx_finale/piBack/scripts/face_validator_cli.py', '/home/ubuntu/camp-final/campx_finale/piBack/uploads/1746987287153-unnamed.jpg']
R√©pertoire courant: /home/ubuntu/camp-final/campx_finale/piBack
Chemin de l'image: /home/ubuntu/camp-final/campx_finale/piBack/uploads/1746987287153-unnamed.jpg
Taille du fichier: 26654 octets
Le fichier est accessible en lecture: True
Tentative de lecture de l'image: /home/ubuntu/camp-final/campx_finale/piBack/uploads/1746987287153-unnamed.jpg
Taille du fichier: 26654 octets
Image lue avec PIL: (360, 360)
Dimensions de l'image: (360, 360, 3)
Tentative avec params {'scaleFactor': 1.1, 'minNeighbors': 5, 'minSize': (30, 30)}: 2 visages d√©tect√©s
Envoi de la r√©ponse JSON: {"isValid": true, "message": "Image valid\u00e9e avec succ\u00e8s"}
Arguments: ['/home/ubuntu/camp-final/campx_finale/piBack/scripts/face_validator_cli.py', '/home/ubuntu/camp-final/campx_finale/piBack/uploads/1746988164439-unnamed.jpg']
R√©pertoire courant: /home/ubuntu/camp-final/campx_finale/piBack
Chemin de l'image: /home/ubuntu/camp-final/campx_finale/piBack/uploads/1746988164439-unnamed.jpg
Taille du fichier: 26654 octets
Le fichier est accessible en lecture: True
Tentative de lecture de l'image: /home/ubuntu/camp-final/campx_finale/piBack/uploads/1746988164439-unnamed.jpg
Taille du fichier: 26654 octets
Image lue avec PIL: (360, 360)
Dimensions de l'image: (360, 360, 3)
Tentative avec params {'scaleFactor': 1.1, 'minNeighbors': 5, 'minSize': (30, 30)}: 2 visages d√©tect√©s
Envoi de la r√©ponse JSON: {"isValid": true, "message": "Image valid\u00e9e avec succ\u00e8s"}
Arguments: ['/home/ubuntu/camp-final/campx_finale/piBack/scripts/face_validator_cli.py', '/home/ubuntu/camp-final/campx_finale/piBack/uploads/1746988167026-unnamed.jpg']
R√©pertoire courant: /home/ubuntu/camp-final/campx_finale/piBack
Chemin de l'image: /home/ubuntu/camp-final/campx_finale/piBack/uploads/1746988167026-unnamed.jpg
Taille du fichier: 26654 octets
Le fichier est accessible en lecture: True
Tentative de lecture de l'image: /home/ubuntu/camp-final/campx_finale/piBack/uploads/1746988167026-unnamed.jpg
Taille du fichier: 26654 octets
Image lue avec PIL: (360, 360)
Dimensions de l'image: (360, 360, 3)
Tentative avec params {'scaleFactor': 1.1, 'minNeighbors': 5, 'minSize': (30, 30)}: 2 visages d√©tect√©s
Envoi de la r√©ponse JSON: {"isValid": true, "message": "Image valid\u00e9e avec succ\u00e8s"}
Arguments: ['/home/ubuntu/camp-final/campx_finale/piBack/scripts/face_validator_cli.py', '/home/ubuntu/camp-final/campx_finale/piBack/uploads/1746988367567-unnamed.jpg']
R√©pertoire courant: /home/ubuntu/camp-final/campx_finale/piBack
Chemin de l'image: /home/ubuntu/camp-final/campx_finale/piBack/uploads/1746988367567-unnamed.jpg
Taille du fichier: 26654 octets
Le fichier est accessible en lecture: True
Tentative de lecture de l'image: /home/ubuntu/camp-final/campx_finale/piBack/uploads/1746988367567-unnamed.jpg
Taille du fichier: 26654 octets
Image lue avec PIL: (360, 360)
Dimensions de l'image: (360, 360, 3)
Tentative avec params {'scaleFactor': 1.1, 'minNeighbors': 5, 'minSize': (30, 30)}: 2 visages d√©tect√©s
Envoi de la r√©ponse JSON: {"isValid": true, "message": "Image valid\u00e9e avec succ\u00e8s"}
Arguments: ['/home/ubuntu/camp-final/campx_finale/piBack/scripts/face_validator_cli.py', '/home/ubuntu/camp-final/campx_finale/piBack/uploads/1746988369569-unnamed.jpg']
R√©pertoire courant: /home/ubuntu/camp-final/campx_finale/piBack
Chemin de l'image: /home/ubuntu/camp-final/campx_finale/piBack/uploads/1746988369569-unnamed.jpg
Taille du fichier: 26654 octets
Le fichier est accessible en lecture: True
Tentative de lecture de l'image: /home/ubuntu/camp-final/campx_finale/piBack/uploads/1746988369569-unnamed.jpg
Taille du fichier: 26654 octets
Image lue avec PIL: (360, 360)
Dimensions de l'image: (360, 360, 3)
Tentative avec params {'scaleFactor': 1.1, 'minNeighbors': 5, 'minSize': (30, 30)}: 2 visages d√©tect√©s
Envoi de la r√©ponse JSON: {"isValid": true, "message": "Image valid\u00e9e avec succ\u00e8s"}
Arguments: ['/home/ubuntu/camp-final/campx_finale/piBack/scripts/face_validator_cli.py', '/home/ubuntu/camp-final/campx_finale/piBack/uploads/1747200118807-1.png']
R√©pertoire courant: /home/ubuntu/camp-final/campx_finale/piBack
Chemin de l'image: /home/ubuntu/camp-final/campx_finale/piBack/uploads/1747200118807-1.png
Taille du fichier: 374564 octets
Le fichier est accessible en lecture: True
Tentative de lecture de l'image: /home/ubuntu/camp-final/campx_finale/piBack/uploads/1747200118807-1.png
Taille du fichier: 374564 octets
Image lue avec PIL: (1601, 716)
Dimensions de l'image: (716, 1601, 3)
Tentative avec params {'scaleFactor': 1.1, 'minNeighbors': 5, 'minSize': (30, 30)}: 0 visages d√©tect√©s
Tentative avec params {'scaleFactor': 1.2, 'minNeighbors': 3, 'minSize': (20, 20)}: 0 visages d√©tect√©s
Tentative avec params {'scaleFactor': 1.3, 'minNeighbors': 2, 'minSize': (10, 10)}: 0 visages d√©tect√©s
Envoi de la r√©ponse JSON: {"isValid": false, "message": "Aucun visage d\u00e9tect\u00e9. Veuillez t\u00e9l\u00e9charger une image contenant clairement votre visage."}
Arguments: ['/home/ubuntu/camp-final/campx_finale/piBack/scripts/face_validator_cli.py', '/home/ubuntu/camp-final/campx_finale/piBack/uploads/1747200127541-unnamed.jpg']
R√©pertoire courant: /home/ubuntu/camp-final/campx_finale/piBack
Chemin de l'image: /home/ubuntu/camp-final/campx_finale/piBack/uploads/1747200127541-unnamed.jpg
Taille du fichier: 26654 octets
Le fichier est accessible en lecture: True
Tentative de lecture de l'image: /home/ubuntu/camp-final/campx_finale/piBack/uploads/1747200127541-unnamed.jpg
Taille du fichier: 26654 octets
Image lue avec PIL: (360, 360)
Dimensions de l'image: (360, 360, 3)
Tentative avec params {'scaleFactor': 1.1, 'minNeighbors': 5, 'minSize': (30, 30)}: 2 visages d√©tect√©s
Envoi de la r√©ponse JSON: {"isValid": true, "message": "Image valid\u00e9e avec succ\u00e8s"}
Arguments: ['/home/ubuntu/camp-final/campx_finale/piBack/scripts/face_validator_cli.py', '/home/ubuntu/camp-final/campx_finale/piBack/uploads/1747200254869-unnamed.jpg']
R√©pertoire courant: /home/ubuntu/camp-final/campx_finale/piBack
Chemin de l'image: /home/ubuntu/camp-final/campx_finale/piBack/uploads/1747200254869-unnamed.jpg
Taille du fichier: 26654 octets
Le fichier est accessible en lecture: True
Tentative de lecture de l'image: /home/ubuntu/camp-final/campx_finale/piBack/uploads/1747200254869-unnamed.jpg
Taille du fichier: 26654 octets
Image lue avec PIL: (360, 360)
Dimensions de l'image: (360, 360, 3)
Tentative avec params {'scaleFactor': 1.1, 'minNeighbors': 5, 'minSize': (30, 30)}: 2 visages d√©tect√©s
Envoi de la r√©ponse JSON: {"isValid": true, "message": "Image valid\u00e9e avec succ\u00e8s"}
Arguments: ['/home/ubuntu/camp-final/campx_finale/piBack/scripts/face_validator_cli.py', '/home/ubuntu/camp-final/campx_finale/piBack/uploads/1747200796019-unnamed.jpg']
R√©pertoire courant: /home/ubuntu/camp-final/campx_finale/piBack
Chemin de l'image: /home/ubuntu/camp-final/campx_finale/piBack/uploads/1747200796019-unnamed.jpg
Taille du fichier: 26654 octets
Le fichier est accessible en lecture: True
Tentative de lecture de l'image: /home/ubuntu/camp-final/campx_finale/piBack/uploads/1747200796019-unnamed.jpg
Taille du fichier: 26654 octets
Image lue avec PIL: (360, 360)
Dimensions de l'image: (360, 360, 3)
Tentative avec params {'scaleFactor': 1.1, 'minNeighbors': 5, 'minSize': (30, 30)}: 2 visages d√©tect√©s
Envoi de la r√©ponse JSON: {"isValid": true, "message": "Image valid\u00e9e avec succ\u00e8s"}
Arguments: ['/home/ubuntu/camp-final/campx_finale/piBack/scripts/face_validator_cli.py', '/home/ubuntu/camp-final/campx_finale/piBack/uploads/1747200799616-unnamed.jpg']
R√©pertoire courant: /home/ubuntu/camp-final/campx_finale/piBack
Chemin de l'image: /home/ubuntu/camp-final/campx_finale/piBack/uploads/1747200799616-unnamed.jpg
Taille du fichier: 26654 octets
Le fichier est accessible en lecture: True
Tentative de lecture de l'image: /home/ubuntu/camp-final/campx_finale/piBack/uploads/1747200799616-unnamed.jpg
Taille du fichier: 26654 octets
Image lue avec PIL: (360, 360)
Dimensions de l'image: (360, 360, 3)
Tentative avec params {'scaleFactor': 1.1, 'minNeighbors': 5, 'minSize': (30, 30)}: 2 visages d√©tect√©s
Envoi de la r√©ponse JSON: {"isValid": true, "message": "Image valid\u00e9e avec succ\u00e8s"}
